c:\users\arash\desktop\uniwork\f of p\project\phase 2\cykomessenger_server\cykomessenger_server\debug\cykomessenger_server.pch
c:\users\arash\desktop\uniwork\f of p\project\phase 2\cykomessenger_server\cykomessenger_server\debug\vc140.pdb
c:\users\arash\desktop\uniwork\f of p\project\phase 2\cykomessenger_server\cykomessenger_server\debug\vc140.idb
c:\users\arash\desktop\uniwork\f of p\project\phase 2\cykomessenger_server\cykomessenger_server\debug\stdafx.obj
c:\users\arash\desktop\uniwork\f of p\project\phase 2\cykomessenger_server\cykomessenger_server\debug\cykomessenger_server.obj
c:\users\arash\desktop\uniwork\f of p\project\phase 2\cyko_server\cykomessenger_server\debug\cykomessenger_server.pch
c:\users\arash\desktop\uniwork\f of p\project\phase 2\cyko_server\cykomessenger_server\debug\vc140.pdb
c:\users\arash\desktop\uniwork\f of p\project\phase 2\cyko_server\cykomessenger_server\debug\vc140.idb
c:\users\arash\desktop\uniwork\f of p\project\phase 2\cyko_server\cykomessenger_server\debug\stdafx.obj
c:\users\arash\desktop\uniwork\f of p\project\phase 2\cyko_server\cykomessenger_server\debug\cykomessenger_server.obj
c:\users\arash\desktop\uniwork\f of p\project\phase 2\cykomessenger_server\debug\cykomessenger_server.lib
c:\users\arash\desktop\uniwork\f of p\project\phase 2\cykomessenger_server\debug\cykomessenger_server.exp
c:\users\arash\desktop\uniwork\f of p\project\phase 2\cyko_server\debug\cykomessenger_server.lib
c:\users\arash\desktop\uniwork\f of p\project\phase 2\cyko_server\debug\cykomessenger_server.exp
c:\users\arash\desktop\uniwork\f of p\project\phase 2\cykomessenger_server\debug\cykomessenger_server.ilk
c:\users\arash\desktop\uniwork\f of p\project\phase 2\cykomessenger_server\debug\cykomessenger_server.exe
c:\users\arash\desktop\uniwork\f of p\project\phase 2\cykomessenger_server\debug\cykomessenger_server.pdb
c:\users\arash\desktop\uniwork\f of p\project\phase 2\cyko_server\debug\cykomessenger_server.ilk
c:\users\arash\desktop\uniwork\f of p\project\phase 2\cyko_server\debug\cykomessenger_server.exe
c:\users\arash\desktop\uniwork\f of p\project\phase 2\cyko_server\debug\cykomessenger_server.pdb
c:\users\arash\desktop\uniwork\f of p\project\phase 2\cyko_server\cykomessenger_server\debug\cykomess.2786ab47.tlog\cl.command.1.tlog
c:\users\arash\desktop\uniwork\f of p\project\phase 2\cyko_server\cykomessenger_server\debug\cykomess.2786ab47.tlog\cl.read.1.tlog
c:\users\arash\desktop\uniwork\f of p\project\phase 2\cyko_server\cykomessenger_server\debug\cykomess.2786ab47.tlog\cl.write.1.tlog
c:\users\arash\desktop\uniwork\f of p\project\phase 2\cyko_server\cykomessenger_server\debug\cykomess.2786ab47.tlog\cykomessenger_server.write.1u.tlog
c:\users\arash\desktop\uniwork\f of p\project\phase 2\cyko_server\cykomessenger_server\debug\cykomess.2786ab47.tlog\link.command.1.tlog
c:\users\arash\desktop\uniwork\f of p\project\phase 2\cyko_server\cykomessenger_server\debug\cykomess.2786ab47.tlog\link.read.1.tlog
c:\users\arash\desktop\uniwork\f of p\project\phase 2\cyko_server\cykomessenger_server\debug\cykomess.2786ab47.tlog\link.write.1.tlog
